<?xml version="1.0" encoding="UTF-8"?>
<!-- Generated by org.testng.reporters.JUnitReportReporter -->
<testsuite hostname="ANURAG24" failures="0" tests="1" name="com.crm.vtiger.TestScript.TC_41_searchLeadByClickingOnPhone_Test" time="36.454" errors="0" timestamp="09 May 2021 02:48:21 GMT" skipped="0">
  <testcase classname="com.crm.vtiger.TestScript.TC_41_searchLeadByClickingOnPhone_Test" name="creatLead" time="36.454"/>
</testsuite> <!-- com.crm.vtiger.TestScript.TC_41_searchLeadByClickingOnPhone_Test -->
